<?xml version="1.0" encoding="UTF-8"?>
<!-- Generated by org.testng.reporters.JUnitReportReporter -->
<testsuite hostname="SHUBHAM" failures="0" tests="1" name="com.automation.EntrataTests" time="2.153" errors="0" timestamp="2024-09-22T13:23:56 IST" skipped="0">
  <testcase classname="com.automation.EntrataTests" name="testMultifamilyChallengesCards" time="2.153"/>
  <system-out/>
</testsuite> <!-- com.automation.EntrataTests -->
